Build started 10/1/2015 3:27:50 PM.
     1>Project "C:\M68kV6.0-640by480\Programs\SRecord_to_MIF_Converter\SRecord_to_MIF_Converter\SRecord_to_MIF_Converter\SRecord_to_MIF_Converter.vcxproj" on node 2 (Build target(s)).
     1>ClCompile:
         C:\Program Files (x86)\Microsoft Visual Studio 12.0\VC\bin\CL.exe /c /ZI /nologo /W3 /WX- /Od /Oy- /D WIN32 /D _DEBUG /D _CONSOLE /D _UNICODE /D UNICODE /Gm /EHsc /RTC1 /MDd /GS /fp:precise /Zc:wchar_t /Zc:forScope /Fo"Debug\\" /Fd"Debug\vc120.pdb" /Gd /TP /analyze- /errorReport:prompt StoMifConverterV6.cpp
         StoMifConverterV6.cpp
     1>c:\m68kv6.0-640by480\programs\srecord_to_mif_converter\srecord_to_mif_converter\srecord_to_mif_converter\stomifconverterv6.cpp(19): warning C4996: 'fopen': This function or variable may be unsafe. Consider using fopen_s instead. To disable deprecation, use _CRT_SECURE_NO_WARNINGS. See online help for details.
                 c:\program files (x86)\microsoft visual studio 12.0\vc\include\stdio.h(211) : see declaration of 'fopen'
     1>c:\m68kv6.0-640by480\programs\srecord_to_mif_converter\srecord_to_mif_converter\srecord_to_mif_converter\stomifconverterv6.cpp(24): warning C4996: 'getch': The POSIX name for this item is deprecated. Instead, use the ISO C++ conformant name: _getch. See online help for details.
                 c:\program files (x86)\microsoft visual studio 12.0\vc\include\conio.h(131) : see declaration of 'getch'
     1>c:\m68kv6.0-640by480\programs\srecord_to_mif_converter\srecord_to_mif_converter\srecord_to_mif_converter\stomifconverterv6.cpp(29): warning C4996: 'fopen': This function or variable may be unsafe. Consider using fopen_s instead. To disable deprecation, use _CRT_SECURE_NO_WARNINGS. See online help for details.
                 c:\program files (x86)\microsoft visual studio 12.0\vc\include\stdio.h(211) : see declaration of 'fopen'
     1>c:\m68kv6.0-640by480\programs\srecord_to_mif_converter\srecord_to_mif_converter\srecord_to_mif_converter\stomifconverterv6.cpp(33): warning C4996: 'getch': The POSIX name for this item is deprecated. Instead, use the ISO C++ conformant name: _getch. See online help for details.
                 c:\program files (x86)\microsoft visual studio 12.0\vc\include\conio.h(131) : see declaration of 'getch'
     1>c:\m68kv6.0-640by480\programs\srecord_to_mif_converter\srecord_to_mif_converter\srecord_to_mif_converter\stomifconverterv6.cpp(81): warning C4996: 'sscanf': This function or variable may be unsafe. Consider using sscanf_s instead. To disable deprecation, use _CRT_SECURE_NO_WARNINGS. See online help for details.
                 c:\program files (x86)\microsoft visual studio 12.0\vc\include\stdio.h(304) : see declaration of 'sscanf'
     1>c:\m68kv6.0-640by480\programs\srecord_to_mif_converter\srecord_to_mif_converter\srecord_to_mif_converter\stomifconverterv6.cpp(82): warning C4996: 'sscanf': This function or variable may be unsafe. Consider using sscanf_s instead. To disable deprecation, use _CRT_SECURE_NO_WARNINGS. See online help for details.
                 c:\program files (x86)\microsoft visual studio 12.0\vc\include\stdio.h(304) : see declaration of 'sscanf'
     1>c:\m68kv6.0-640by480\programs\srecord_to_mif_converter\srecord_to_mif_converter\srecord_to_mif_converter\stomifconverterv6.cpp(87): warning C4996: 'sscanf': This function or variable may be unsafe. Consider using sscanf_s instead. To disable deprecation, use _CRT_SECURE_NO_WARNINGS. See online help for details.
                 c:\program files (x86)\microsoft visual studio 12.0\vc\include\stdio.h(304) : see declaration of 'sscanf'
     1>c:\m68kv6.0-640by480\programs\srecord_to_mif_converter\srecord_to_mif_converter\srecord_to_mif_converter\stomifconverterv6.cpp(96): warning C4996: 'sscanf': This function or variable may be unsafe. Consider using sscanf_s instead. To disable deprecation, use _CRT_SECURE_NO_WARNINGS. See online help for details.
                 c:\program files (x86)\microsoft visual studio 12.0\vc\include\stdio.h(304) : see declaration of 'sscanf'
     1>c:\m68kv6.0-640by480\programs\srecord_to_mif_converter\srecord_to_mif_converter\srecord_to_mif_converter\stomifconverterv6.cpp(97): warning C4996: 'sscanf': This function or variable may be unsafe. Consider using sscanf_s instead. To disable deprecation, use _CRT_SECURE_NO_WARNINGS. See online help for details.
                 c:\program files (x86)\microsoft visual studio 12.0\vc\include\stdio.h(304) : see declaration of 'sscanf'
     1>c:\m68kv6.0-640by480\programs\srecord_to_mif_converter\srecord_to_mif_converter\srecord_to_mif_converter\stomifconverterv6.cpp(105): warning C4996: 'sscanf': This function or variable may be unsafe. Consider using sscanf_s instead. To disable deprecation, use _CRT_SECURE_NO_WARNINGS. See online help for details.
                 c:\program files (x86)\microsoft visual studio 12.0\vc\include\stdio.h(304) : see declaration of 'sscanf'
     1>c:\m68kv6.0-640by480\programs\srecord_to_mif_converter\srecord_to_mif_converter\srecord_to_mif_converter\stomifconverterv6.cpp(115): warning C4996: 'sscanf': This function or variable may be unsafe. Consider using sscanf_s instead. To disable deprecation, use _CRT_SECURE_NO_WARNINGS. See online help for details.
                 c:\program files (x86)\microsoft visual studio 12.0\vc\include\stdio.h(304) : see declaration of 'sscanf'
     1>c:\m68kv6.0-640by480\programs\srecord_to_mif_converter\srecord_to_mif_converter\srecord_to_mif_converter\stomifconverterv6.cpp(116): warning C4996: 'sscanf': This function or variable may be unsafe. Consider using sscanf_s instead. To disable deprecation, use _CRT_SECURE_NO_WARNINGS. See online help for details.
                 c:\program files (x86)\microsoft visual studio 12.0\vc\include\stdio.h(304) : see declaration of 'sscanf'
     1>c:\m68kv6.0-640by480\programs\srecord_to_mif_converter\srecord_to_mif_converter\srecord_to_mif_converter\stomifconverterv6.cpp(124): warning C4996: 'sscanf': This function or variable may be unsafe. Consider using sscanf_s instead. To disable deprecation, use _CRT_SECURE_NO_WARNINGS. See online help for details.
                 c:\program files (x86)\microsoft visual studio 12.0\vc\include\stdio.h(304) : see declaration of 'sscanf'
       Link:
         C:\Program Files (x86)\Microsoft Visual Studio 12.0\VC\bin\link.exe /ERRORREPORT:PROMPT /OUT:"C:\M68kV6.0-640by480\Programs\SRecord_to_MIF_Converter\SRecord_to_MIF_Converter\Debug\SRecord_to_MIF_Converter.exe" /INCREMENTAL /NOLOGO kernel32.lib user32.lib gdi32.lib winspool.lib comdlg32.lib advapi32.lib shell32.lib ole32.lib oleaut32.lib uuid.lib odbc32.lib odbccp32.lib /MANIFEST /MANIFESTUAC:"level='asInvoker' uiAccess='false'" /manifest:embed /DEBUG /PDB:"C:\M68kV6.0-640by480\Programs\SRecord_to_MIF_Converter\SRecord_to_MIF_Converter\Debug\SRecord_to_MIF_Converter.pdb" /SUBSYSTEM:CONSOLE /TLBID:1 /DYNAMICBASE /NXCOMPAT /IMPLIB:"C:\M68kV6.0-640by480\Programs\SRecord_to_MIF_Converter\SRecord_to_MIF_Converter\Debug\SRecord_to_MIF_Converter.lib" /MACHINE:X86 /SAFESEH Debug\StoMifConverterV6.obj
         SRecord_to_MIF_Converter.vcxproj -> C:\M68kV6.0-640by480\Programs\SRecord_to_MIF_Converter\SRecord_to_MIF_Converter\Debug\SRecord_to_MIF_Converter.exe
     1>Done Building Project "C:\M68kV6.0-640by480\Programs\SRecord_to_MIF_Converter\SRecord_to_MIF_Converter\SRecord_to_MIF_Converter\SRecord_to_MIF_Converter.vcxproj" (Build target(s)).

Build succeeded.

Time Elapsed 00:00:00.61
