MIF/HEX Update report for MC68K
Thu Nov 29 12:15:37 2012
Quartus II Version 9.0 Build 235 06/17/2009 Service Pack 2 SJ Web Edition


---------------------
; Table of Contents ;
---------------------
  1. Legal Notice
  2. MIF/HEX Update Summary
  3. MIF/HEX Update Processed Files
  4. MIF/HEX Update Messages



----------------
; Legal Notice ;
----------------
Copyright (C) 1991-2009 Altera Corporation
Your use of Altera Corporation's design tools, logic functions 
and other software and tools, and its AMPP partner logic 
functions, and any output files from any of the foregoing 
(including device programming or simulation files), and any 
associated documentation or information are expressly subject 
to the terms and conditions of the Altera Program License 
Subscription Agreement, Altera MegaCore Function License 
Agreement, or other applicable license agreement, including, 
without limitation, that your use is for the sole purpose of 
programming logic devices manufactured by Altera and sold by 
Altera or its authorized distributors.  Please refer to the 
applicable agreement for further details.



+---------------------------------------------------------------+
; MIF/HEX Update Summary                                        ;
+-----------------------+---------------------------------------+
; MIF/HEX Update Status ; Successful - Thu Nov 29 12:15:37 2012 ;
; Revision Name         ; MC68K                                 ;
; Top-level Entity Name ; MC68K                                 ;
; Family                ; Cyclone II                            ;
; Device                ; EP2C35F672C6                          ;
+-----------------------+---------------------------------------+


+------------------------------------------------------+
; MIF/HEX Update Processed Files                       ;
+------------------------------------------------------+
; File Name                                            ;
+------------------------------------------------------+
; C:/M68kV6.0 - 640by480/Programs/M68kdebugmonitor.mif ;
+------------------------------------------------------+


+-------------------------+
; MIF/HEX Update Messages ;
+-------------------------+
Info: *******************************************************************
Info: Running Quartus II MIF/HEX Update
    Info: Version 9.0 Build 235 06/17/2009 Service Pack 2 SJ Web Edition
    Info: Processing started: Thu Nov 29 12:15:36 2012
Info: Command: quartus_cdb MC68K -c MC68K --update_mif
Warning: 790 out of 16384 addresses are uninitialized. The Quartus II software will initialize them to "0". There are 2 warnings found, and 2 warnings are reported.
    Warning: Addresses ranging from 96 to 511 are not initialized
    Warning: Addresses ranging from 16010 to 16383 are not initialized
Info: Processed the following Memory Initialization File(s)
    Info: Processed Memory Initialization File C:/M68kV6.0 - 640by480/Programs/M68kdebugmonitor.mif
Info: Quartus II MIF/HEX Update was successful. 0 errors, 3 warnings
    Info: Peak virtual memory: 226 megabytes
    Info: Processing ended: Thu Nov 29 12:15:37 2012
    Info: Elapsed time: 00:00:01
    Info: Total CPU time (on all processors): 00:00:01


